{
  "0 debug pnpm:scope": {
    "selected": 1,
    "workspacePrefix": "/Users/ligfee/Documents/code/self/component.d/h-ui"
  },
  "1 info pnpm": {
    "err": {
      "name": "Error",
      "message": "not found: build",
      "code": "ENOENT",
      "stack": "Error: not found: build\n    at getNotFoundError (/Users/ligfee/.config/yarn/global/node_modules/pnpm/dist/pnpm.cjs:48028:51)\n    at Function.whichSync [as sync] (/Users/ligfee/.config/yarn/global/node_modules/pnpm/dist/pnpm.cjs:48105:13)\n    at getCommandAbsolutePathSync (/Users/ligfee/.config/yarn/global/node_modules/pnpm/dist/pnpm.cjs:49670:44)\n    at Object.default_1 [as default] (/Users/ligfee/.config/yarn/global/node_modules/pnpm/dist/pnpm.cjs:49679:32)\n    at /Users/ligfee/.config/yarn/global/node_modules/pnpm/dist/pnpm.cjs:129930:34"
    }
  },
  "2 error pnpm": {
    "code": "ERR_PNPM_RECURSIVE_EXEC_FIRST_FAIL",
    "prefix": "/Users/ligfee/Documents/code/self/component.d/h-ui/packages/docs",
    "err": {
      "name": "pnpm",
      "message": "not found: build",
      "code": "ERR_PNPM_RECURSIVE_EXEC_FIRST_FAIL",
      "stack": "Error: not found: build\n    at getNotFoundError (/Users/ligfee/.config/yarn/global/node_modules/pnpm/dist/pnpm.cjs:48028:51)\n    at Function.whichSync [as sync] (/Users/ligfee/.config/yarn/global/node_modules/pnpm/dist/pnpm.cjs:48105:13)\n    at getCommandAbsolutePathSync (/Users/ligfee/.config/yarn/global/node_modules/pnpm/dist/pnpm.cjs:49670:44)\n    at Object.default_1 [as default] (/Users/ligfee/.config/yarn/global/node_modules/pnpm/dist/pnpm.cjs:49679:32)\n    at /Users/ligfee/.config/yarn/global/node_modules/pnpm/dist/pnpm.cjs:129930:34"
    }
  }
}